Using pre-set license
Built from '2020.3/staging' branch; Version is '2020.3.26f1 (7298b473bc1a) revision 7510196'; Using compiler version '192528614'; Build Type 'Release'
OS: 'Windows 10  (10.0.19043) 64bit Professional' Language: 'en' Physical Memory: 16316 MB
BatchMode: 1, IsHumanControllingUs: 0, StartBugReporterOnCrash: 0, Is64bit: 1, IsPro: 0

COMMAND LINE ARGUMENTS:
C:\Program Files\Unity\Hub\Editor\2020.3.26f1\Editor\Unity.exe
-adb2
-batchMode
-noUpm
-name
AssetImportWorker0
-projectPath
D:/School Projects/GBC/Year 3/GAME3033 Engines IV/GAME3033 Labs
-logFile
Logs/AssetImportWorker0.log
-srvPort
60387
Successfully changed project path to: D:/School Projects/GBC/Year 3/GAME3033 Engines IV/GAME3033 Labs
D:/School Projects/GBC/Year 3/GAME3033 Engines IV/GAME3033 Labs
Using Asset Import Pipeline V2.
Refreshing native plugins compatible for Editor in 54.55 ms, found 2 plugins.
Preloading 0 native plugins for Editor in 0.00 ms.
Initialize engine version: 2020.3.26f1 (7298b473bc1a)
[Subsystems] Discovering subsystems at path C:/Program Files/Unity/Hub/Editor/2020.3.26f1/Editor/Data/Resources/UnitySubsystems
[Subsystems] Discovering subsystems at path D:/School Projects/GBC/Year 3/GAME3033 Engines IV/GAME3033 Labs/Assets
GfxDevice: creating device client; threaded=0
Direct3D:
    Version:  Direct3D 11.0 [level 11.1]
    Renderer: NVIDIA GeForce GTX 1660 Ti (ID=0x2182)
    Vendor:   
    VRAM:     5991 MB
    Driver:   30.0.15.1215
Initialize mono
Mono path[0] = 'C:/Program Files/Unity/Hub/Editor/2020.3.26f1/Editor/Data/Managed'
Mono path[1] = 'C:/Program Files/Unity/Hub/Editor/2020.3.26f1/Editor/Data/MonoBleedingEdge/lib/mono/unityjit'
Mono config path = 'C:/Program Files/Unity/Hub/Editor/2020.3.26f1/Editor/Data/MonoBleedingEdge/etc'
Using monoOptions --debugger-agent=transport=dt_socket,embedding=1,server=y,suspend=n,address=127.0.0.1:56604
Begin MonoManager ReloadAssembly
Registering precompiled unity dll's ...
Register platform support module: C:/Program Files/Unity/Hub/Editor/2020.3.26f1/Editor/Data/PlaybackEngines/WindowsStandaloneSupport/UnityEditor.WindowsStandalone.Extensions.dll
Registered in 0.001383 seconds.
Native extension for WindowsStandalone target not found
Refreshing native plugins compatible for Editor in 60.43 ms, found 2 plugins.
Preloading 0 native plugins for Editor in 0.00 ms.
Mono: successfully reloaded assembly
- Completed reload, in  0.524 seconds
Domain Reload Profiling:
	ReloadAssembly (524ms)
		BeginReloadAssembly (43ms)
			ExecutionOrderSort (0ms)
			DisableScriptedObjects (0ms)
			BackupInstance (0ms)
			ReleaseScriptingObjects (0ms)
			CreateAndSetChildDomain (1ms)
		EndReloadAssembly (422ms)
			LoadAssemblies (41ms)
			RebuildTransferFunctionScriptingTraits (0ms)
			SetupTypeCache (133ms)
			ReleaseScriptCaches (0ms)
			RebuildScriptCaches (27ms)
			SetupLoadedEditorAssemblies (177ms)
				LogAssemblyErrors (0ms)
				InitializePlatformSupportModulesInManaged (4ms)
				SetLoadedEditorAssemblies (0ms)
				RefreshPlugins (60ms)
				BeforeProcessingInitializeOnLoad (16ms)
				ProcessInitializeOnLoadAttributes (72ms)
				ProcessInitializeOnLoadMethodAttributes (24ms)
				AfterProcessingInitializeOnLoad (0ms)
				EditorAssembliesLoaded (0ms)
			ExecutionOrderSort2 (0ms)
			AwakeInstancesAfterBackupRestoration (0ms)
Platform modules already initialized, skipping
Registering precompiled user dll's ...
Registered in 0.002806 seconds.
Begin MonoManager ReloadAssembly
Native extension for WindowsStandalone target not found
Refreshing native plugins compatible for Editor in 66.92 ms, found 2 plugins.
Preloading 0 native plugins for Editor in 0.00 ms.
Mono: successfully reloaded assembly
- Completed reload, in  1.075 seconds
Domain Reload Profiling:
	ReloadAssembly (1075ms)
		BeginReloadAssembly (121ms)
			ExecutionOrderSort (0ms)
			DisableScriptedObjects (4ms)
			BackupInstance (0ms)
			ReleaseScriptingObjects (0ms)
			CreateAndSetChildDomain (16ms)
		EndReloadAssembly (902ms)
			LoadAssemblies (73ms)
			RebuildTransferFunctionScriptingTraits (0ms)
			SetupTypeCache (294ms)
			ReleaseScriptCaches (0ms)
			RebuildScriptCaches (46ms)
			SetupLoadedEditorAssemblies (378ms)
				LogAssemblyErrors (0ms)
				InitializePlatformSupportModulesInManaged (3ms)
				SetLoadedEditorAssemblies (0ms)
				RefreshPlugins (67ms)
				BeforeProcessingInitializeOnLoad (68ms)
				ProcessInitializeOnLoadAttributes (226ms)
				ProcessInitializeOnLoadMethodAttributes (8ms)
				AfterProcessingInitializeOnLoad (5ms)
				EditorAssembliesLoaded (0ms)
			ExecutionOrderSort2 (0ms)
			AwakeInstancesAfterBackupRestoration (5ms)
Platform modules already initialized, skipping
========================================================================
Worker process is ready to serve import requests
Launched and connected shader compiler UnityShaderCompiler.exe after 0.06 seconds
Refreshing native plugins compatible for Editor in 0.64 ms, found 2 plugins.
Preloading 0 native plugins for Editor in 0.00 ms.
Unloading 2407 Unused Serialized files (Serialized files now loaded: 0)
System memory in use before: 108.7 MB.
System memory in use after: 108.8 MB.

Unloading 24 unused Assets to reduce memory usage. Loaded Objects now: 2846.
Total: 3.064400 ms (FindLiveObjects: 0.170000 ms CreateObjectMapping: 0.089300 ms MarkObjects: 2.718500 ms  DeleteObjects: 0.085700 ms)

AssetImportParameters requested are different than current active one (requested -> active):
  custom:framework-win-MediaFoundation: 216162199b28c13a410421893ffa2e32 -> 
  custom:video-decoder-ogg-theora: a1e56fd34408186e4bbccfd4996cb3dc -> 
  custom:container-muxer-webm: aa71ff27fc2769a1b78a27578f13a17b -> 
  custom:container-demuxer-webm: 4f35f7cbe854078d1ac9338744f61a02 -> 
  custom:container-demuxer-ogg: 62fdf1f143b41e24485cea50d1cbac27 -> 
  custom:video-encoder-webm-vp8: eb34c28f22e8b96e1ab97ce403110664 -> 
  custom:video-decoder-webm-vp8: 9c59270c3fd7afecdb556c50c9e8de78 -> 
  custom:audio-decoder-ogg-vorbis: bf7c407c2cedff20999df2af8eb42d56 -> 
  custom:audio-encoder-webm-vorbis: bf7c407c2cedff20999df2af8eb42d56 -> 
========================================================================
Received Import Request.
  path: Assets/Scripts/EnemyScripts
  artifactKey: Guid(2e2f7b099feb8ac4585fb1c366ac07a2) Importer(815301076,1909f56bfc062723c751e8b465ee728b)
Start importing Assets/Scripts/EnemyScripts using Guid(2e2f7b099feb8ac4585fb1c366ac07a2) Importer(815301076,1909f56bfc062723c751e8b465ee728b)  -> (artifact id: '02aba3101c959b8672847e733c9cea24') in 0.006888 seconds 
  Import took 0.011179 seconds .

========================================================================
Received Import Request.
  Time since last request: 2.941688 seconds.
  path: Assets/Scripts/ItemPickUpComponent.cs
  artifactKey: Guid(5fecf38f42f972843b6f607b6c1a68c0) Importer(815301076,1909f56bfc062723c751e8b465ee728b)
Start importing Assets/Scripts/ItemPickUpComponent.cs using Guid(5fecf38f42f972843b6f607b6c1a68c0) Importer(815301076,1909f56bfc062723c751e8b465ee728b)  -> (artifact id: '08127085c5a8f1336211eb3952abc556') in 0.018582 seconds 
  Import took 0.021971 seconds .

========================================================================
Received Import Request.
  Time since last request: 142.911101 seconds.
  path: Assets/Scenes/GameScene.unity
  artifactKey: Guid(9fc0d4010bbf28b4594072e72b8655ab) Importer(815301076,1909f56bfc062723c751e8b465ee728b)
Start importing Assets/Scenes/GameScene.unity using Guid(9fc0d4010bbf28b4594072e72b8655ab) Importer(815301076,1909f56bfc062723c751e8b465ee728b)  -> (artifact id: '6239bc016fb1f62f231e373506b2d526') in 0.014123 seconds 
  Import took 0.018029 seconds .

========================================================================
Received Import Request.
  Time since last request: 25.037497 seconds.
  path: Assets/Art/Characters/Douglas.fbx
  artifactKey: Guid(12a6c84c4b34c2d40a6588161195483e) Importer(815301076,1909f56bfc062723c751e8b465ee728b)
Start importing Assets/Art/Characters/Douglas.fbx using Guid(12a6c84c4b34c2d40a6588161195483e) Importer(815301076,1909f56bfc062723c751e8b465ee728b)  -> (artifact id: 'd8c0d053bc237f95d1691f5e073d782a') in 0.243734 seconds 
  Import took 0.251377 seconds .

========================================================================
Received Import Request.
  Time since last request: 0.000144 seconds.
  path: Assets/Art/Characters/DouglasLegsMask.mask
  artifactKey: Guid(afd234ee927f3d34f9ee8a516c3cad76) Importer(815301076,1909f56bfc062723c751e8b465ee728b)
Start importing Assets/Art/Characters/DouglasLegsMask.mask using Guid(afd234ee927f3d34f9ee8a516c3cad76) Importer(815301076,1909f56bfc062723c751e8b465ee728b)  -> (artifact id: '54a623003f12a51a71866ce9488c80bd') in 0.012008 seconds 
  Import took 0.015827 seconds .

========================================================================
Received Import Request.
  Time since last request: 0.000140 seconds.
  path: Assets/Art/Characters/DouglasUpperBodyMask.mask
  artifactKey: Guid(8a590dd2cedc3fe4d93b419fe7f0557f) Importer(815301076,1909f56bfc062723c751e8b465ee728b)
Start importing Assets/Art/Characters/DouglasUpperBodyMask.mask using Guid(8a590dd2cedc3fe4d93b419fe7f0557f) Importer(815301076,1909f56bfc062723c751e8b465ee728b)  -> (artifact id: '56ebfbd1f005ed563271290d6fd07ee5') in 0.007339 seconds 
  Import took 0.014334 seconds .

========================================================================
Received Import Request.
  Time since last request: 0.000416 seconds.
  path: Assets/Art/Characters/James.fbx
  artifactKey: Guid(9b819ecbd539a6c49902ff859ce77b94) Importer(815301076,1909f56bfc062723c751e8b465ee728b)
Start importing Assets/Art/Characters/James.fbx using Guid(9b819ecbd539a6c49902ff859ce77b94) Importer(815301076,1909f56bfc062723c751e8b465ee728b)  -> (artifact id: 'a67049c36d5405251e080936631925c5') in 0.049505 seconds 
  Import took 0.055787 seconds .

========================================================================
Received Import Request.
  Time since last request: 0.000142 seconds.
  path: Assets/Art/Characters/JamesUpperBodyMask.mask
  artifactKey: Guid(02d3cc382beb7b4418d6ed704a873e2c) Importer(815301076,1909f56bfc062723c751e8b465ee728b)
Start importing Assets/Art/Characters/JamesUpperBodyMask.mask using Guid(02d3cc382beb7b4418d6ed704a873e2c) Importer(815301076,1909f56bfc062723c751e8b465ee728b)  -> (artifact id: 'c6aac413d8a152784c4caaff9cc0a835') in 0.006629 seconds 
  Import took 0.012547 seconds .

========================================================================
Received Import Request.
  Time since last request: 0.000171 seconds.
  path: Assets/Art/Characters/JamesLegsMask.mask
  artifactKey: Guid(ad6006186644e1548a7c4566a88de3cc) Importer(815301076,1909f56bfc062723c751e8b465ee728b)
Start importing Assets/Art/Characters/JamesLegsMask.mask using Guid(ad6006186644e1548a7c4566a88de3cc) Importer(815301076,1909f56bfc062723c751e8b465ee728b)  -> (artifact id: '410fc360ab7ed88ac4c5e04bcc968cf3') in 0.007483 seconds 
  Import took 0.011891 seconds .

========================================================================
Received Import Request.
  Time since last request: 0.000479 seconds.
  path: Assets/Art/Characters/JamesAvatarMask.mask
  artifactKey: Guid(1bb8d8bd1ba244e4e9940943818d05f4) Importer(815301076,1909f56bfc062723c751e8b465ee728b)
Start importing Assets/Art/Characters/JamesAvatarMask.mask using Guid(1bb8d8bd1ba244e4e9940943818d05f4) Importer(815301076,1909f56bfc062723c751e8b465ee728b)  -> (artifact id: '35d5402377166d7c0573a4f1a168736b') in 0.008925 seconds 
  Import took 0.014469 seconds .

========================================================================
Received Import Request.
  Time since last request: 1.215491 seconds.
  path: Assets/Art/Characters/AnimReloadingScript.cs
  artifactKey: Guid(0a12009709511744d8a0bb6541745ac5) Importer(815301076,1909f56bfc062723c751e8b465ee728b)
Start importing Assets/Art/Characters/AnimReloadingScript.cs using Guid(0a12009709511744d8a0bb6541745ac5) Importer(815301076,1909f56bfc062723c751e8b465ee728b)  -> (artifact id: '8247e69049ba6d6cbce0dd9b863cbab5') in 0.020396 seconds 
  Import took 0.089342 seconds .

========================================================================
Received Prepare
Registering precompiled user dll's ...
Registered in 0.002675 seconds.
Begin MonoManager ReloadAssembly
Native extension for WindowsStandalone target not found
Refreshing native plugins compatible for Editor in 0.81 ms, found 2 plugins.
Preloading 0 native plugins for Editor in 0.00 ms.
Mono: successfully reloaded assembly
- Completed reload, in  1.188 seconds
Domain Reload Profiling:
	ReloadAssembly (1188ms)
		BeginReloadAssembly (171ms)
			ExecutionOrderSort (0ms)
			DisableScriptedObjects (65ms)
			BackupInstance (0ms)
			ReleaseScriptingObjects (0ms)
			CreateAndSetChildDomain (30ms)
		EndReloadAssembly (959ms)
			LoadAssemblies (77ms)
			RebuildTransferFunctionScriptingTraits (0ms)
			SetupTypeCache (289ms)
			ReleaseScriptCaches (1ms)
			RebuildScriptCaches (38ms)
			SetupLoadedEditorAssemblies (455ms)
				LogAssemblyErrors (0ms)
				InitializePlatformSupportModulesInManaged (4ms)
				SetLoadedEditorAssemblies (1ms)
				RefreshPlugins (1ms)
				BeforeProcessingInitializeOnLoad (120ms)
				ProcessInitializeOnLoadAttributes (315ms)
				ProcessInitializeOnLoadMethodAttributes (9ms)
				AfterProcessingInitializeOnLoad (5ms)
				EditorAssembliesLoaded (0ms)
			ExecutionOrderSort2 (0ms)
			AwakeInstancesAfterBackupRestoration (6ms)
Platform modules already initialized, skipping
Refreshing native plugins compatible for Editor in 0.71 ms, found 2 plugins.
Preloading 0 native plugins for Editor in 0.00 ms.
Unloading 2362 Unused Serialized files (Serialized files now loaded: 0)
System memory in use before: 122.4 MB.
System memory in use after: 122.5 MB.

Unloading 49 unused Assets to reduce memory usage. Loaded Objects now: 2859.
Total: 3.377100 ms (FindLiveObjects: 0.196400 ms CreateObjectMapping: 0.108400 ms MarkObjects: 2.982000 ms  DeleteObjects: 0.089000 ms)

AssetImportParameters requested are different than current active one (requested -> active):
  custom:framework-win-MediaFoundation: 216162199b28c13a410421893ffa2e32 -> 
  custom:video-decoder-ogg-theora: a1e56fd34408186e4bbccfd4996cb3dc -> 
  custom:container-muxer-webm: aa71ff27fc2769a1b78a27578f13a17b -> 
  custom:container-demuxer-webm: 4f35f7cbe854078d1ac9338744f61a02 -> 
  custom:container-demuxer-ogg: 62fdf1f143b41e24485cea50d1cbac27 -> 
  custom:video-encoder-webm-vp8: eb34c28f22e8b96e1ab97ce403110664 -> 
  custom:video-decoder-webm-vp8: 9c59270c3fd7afecdb556c50c9e8de78 -> 
  custom:audio-decoder-ogg-vorbis: bf7c407c2cedff20999df2af8eb42d56 -> 
  custom:audio-encoder-webm-vorbis: bf7c407c2cedff20999df2af8eb42d56 -> 
========================================================================
Received Import Request.
  Time since last request: 33.390764 seconds.
  path: Assets/Prefabs
  artifactKey: Guid(78dc7f977eb4f3c468edfb53f47ddd5d) Importer(815301076,1909f56bfc062723c751e8b465ee728b)
Start importing Assets/Prefabs using Guid(78dc7f977eb4f3c468edfb53f47ddd5d) Importer(815301076,1909f56bfc062723c751e8b465ee728b)  -> (artifact id: 'baf95c8f3927776d66e5fa036182a7ec') in 0.012396 seconds 
  Import took 0.017079 seconds .

========================================================================
Received Import Request.
  Time since last request: 0.067478 seconds.
  path: Assets/Prefabs/AK47.prefab
  artifactKey: Guid(10db3b31f0c8b824b97cc583f8aaedc9) Importer(815301076,1909f56bfc062723c751e8b465ee728b)
Start importing Assets/Prefabs/AK47.prefab using Guid(10db3b31f0c8b824b97cc583f8aaedc9) Importer(815301076,1909f56bfc062723c751e8b465ee728b)  -> (artifact id: '2b346006d82aca5782a365d53a6a1b46') in 0.135148 seconds 
  Import took 0.141505 seconds .

========================================================================
Received Import Request.
  Time since last request: 0.000235 seconds.
  path: Assets/Prefabs/Douglas 1.prefab
  artifactKey: Guid(63589aa2cff2f384ca752331c227999a) Importer(815301076,1909f56bfc062723c751e8b465ee728b)
Start importing Assets/Prefabs/Douglas 1.prefab using Guid(63589aa2cff2f384ca752331c227999a) Importer(815301076,1909f56bfc062723c751e8b465ee728b)  -> (artifact id: 'a85efb470f926c59c3d2bf82443c821f') in 0.068911 seconds 
  Import took 0.078216 seconds .

========================================================================
Received Import Request.
  Time since last request: 0.000515 seconds.
  path: Assets/Prefabs/HealthPotion.prefab
  artifactKey: Guid(b300e1a78aa8cac4a94ba2fa25499204) Importer(815301076,1909f56bfc062723c751e8b465ee728b)
Start importing Assets/Prefabs/HealthPotion.prefab using Guid(b300e1a78aa8cac4a94ba2fa25499204) Importer(815301076,1909f56bfc062723c751e8b465ee728b)  -> (artifact id: 'a26ec09041a70d4f3d8ed7bdea39628b') in 0.033370 seconds 
  Import took 0.037730 seconds .

========================================================================
Received Import Request.
  Time since last request: 10.559729 seconds.
  path: Assets/Art
  artifactKey: Guid(6233de81a5ffa564191b638517d5ec2c) Importer(815301076,1909f56bfc062723c751e8b465ee728b)
Start importing Assets/Art using Guid(6233de81a5ffa564191b638517d5ec2c) Importer(815301076,1909f56bfc062723c751e8b465ee728b)  -> (artifact id: '72941e9341ed54752cd6acc1494cd35b') in 0.007256 seconds 
  Import took 0.011412 seconds .

========================================================================
Received Import Request.
  Time since last request: 0.130672 seconds.
  path: Assets/Art/Crosshair Sprite.png
  artifactKey: Guid(22110a322c10ce04b94d4539dbcda1f1) Importer(815301076,1909f56bfc062723c751e8b465ee728b)
Start importing Assets/Art/Crosshair Sprite.png using Guid(22110a322c10ce04b94d4539dbcda1f1) Importer(815301076,1909f56bfc062723c751e8b465ee728b)  -> (artifact id: '76e0d82062467fc6317dbf11a93d66db') in 0.031520 seconds 
  Import took 0.035176 seconds .

========================================================================
Received Import Request.
  Time since last request: 1.061519 seconds.
  path: Assets/Art/Characters
  artifactKey: Guid(5b7bc73d3eadb7248ac4610c031535f7) Importer(815301076,1909f56bfc062723c751e8b465ee728b)
Start importing Assets/Art/Characters using Guid(5b7bc73d3eadb7248ac4610c031535f7) Importer(815301076,1909f56bfc062723c751e8b465ee728b)  -> (artifact id: '21961bf8f1ec709cb3e91e7c70d34258') in 0.007080 seconds 
  Import took 0.011503 seconds .

========================================================================
Received Prepare
Registering precompiled user dll's ...
Registered in 0.002430 seconds.
Begin MonoManager ReloadAssembly
Native extension for WindowsStandalone target not found
Refreshing native plugins compatible for Editor in 0.69 ms, found 2 plugins.
Preloading 0 native plugins for Editor in 0.00 ms.
Mono: successfully reloaded assembly
- Completed reload, in  0.922 seconds
Domain Reload Profiling:
	ReloadAssembly (922ms)
		BeginReloadAssembly (102ms)
			ExecutionOrderSort (0ms)
			DisableScriptedObjects (4ms)
			BackupInstance (0ms)
			ReleaseScriptingObjects (0ms)
			CreateAndSetChildDomain (31ms)
		EndReloadAssembly (770ms)
			LoadAssemblies (72ms)
			RebuildTransferFunctionScriptingTraits (0ms)
			SetupTypeCache (265ms)
			ReleaseScriptCaches (2ms)
			RebuildScriptCaches (36ms)
			SetupLoadedEditorAssemblies (301ms)
				LogAssemblyErrors (0ms)
				InitializePlatformSupportModulesInManaged (4ms)
				SetLoadedEditorAssemblies (1ms)
				RefreshPlugins (1ms)
				BeforeProcessingInitializeOnLoad (64ms)
				ProcessInitializeOnLoadAttributes (219ms)
				ProcessInitializeOnLoadMethodAttributes (8ms)
				AfterProcessingInitializeOnLoad (5ms)
				EditorAssembliesLoaded (0ms)
			ExecutionOrderSort2 (0ms)
			AwakeInstancesAfterBackupRestoration (6ms)
Platform modules already initialized, skipping
Refreshing native plugins compatible for Editor in 0.66 ms, found 2 plugins.
Preloading 0 native plugins for Editor in 0.00 ms.
Unloading 2362 Unused Serialized files (Serialized files now loaded: 0)
System memory in use before: 122.5 MB.
System memory in use after: 122.6 MB.

Unloading 19 unused Assets to reduce memory usage. Loaded Objects now: 2865.
Total: 2.693900 ms (FindLiveObjects: 0.179500 ms CreateObjectMapping: 0.096800 ms MarkObjects: 2.351100 ms  DeleteObjects: 0.065600 ms)

AssetImportParameters requested are different than current active one (requested -> active):
  custom:framework-win-MediaFoundation: 216162199b28c13a410421893ffa2e32 -> 
  custom:video-decoder-ogg-theora: a1e56fd34408186e4bbccfd4996cb3dc -> 
  custom:container-muxer-webm: aa71ff27fc2769a1b78a27578f13a17b -> 
  custom:container-demuxer-webm: 4f35f7cbe854078d1ac9338744f61a02 -> 
  custom:container-demuxer-ogg: 62fdf1f143b41e24485cea50d1cbac27 -> 
  custom:video-encoder-webm-vp8: eb34c28f22e8b96e1ab97ce403110664 -> 
  custom:video-decoder-webm-vp8: 9c59270c3fd7afecdb556c50c9e8de78 -> 
  custom:audio-decoder-ogg-vorbis: bf7c407c2cedff20999df2af8eb42d56 -> 
  custom:audio-encoder-webm-vorbis: bf7c407c2cedff20999df2af8eb42d56 -> 
========================================================================
Received Prepare
Registering precompiled user dll's ...
Registered in 0.002451 seconds.
Begin MonoManager ReloadAssembly
Native extension for WindowsStandalone target not found
Refreshing native plugins compatible for Editor in 0.69 ms, found 2 plugins.
Preloading 0 native plugins for Editor in 0.00 ms.
Mono: successfully reloaded assembly
- Completed reload, in  0.908 seconds
Domain Reload Profiling:
	ReloadAssembly (908ms)
		BeginReloadAssembly (93ms)
			ExecutionOrderSort (0ms)
			DisableScriptedObjects (4ms)
			BackupInstance (0ms)
			ReleaseScriptingObjects (0ms)
			CreateAndSetChildDomain (27ms)
		EndReloadAssembly (763ms)
			LoadAssemblies (71ms)
			RebuildTransferFunctionScriptingTraits (0ms)
			SetupTypeCache (259ms)
			ReleaseScriptCaches (1ms)
			RebuildScriptCaches (37ms)
			SetupLoadedEditorAssemblies (303ms)
				LogAssemblyErrors (0ms)
				InitializePlatformSupportModulesInManaged (3ms)
				SetLoadedEditorAssemblies (1ms)
				RefreshPlugins (1ms)
				BeforeProcessingInitializeOnLoad (65ms)
				ProcessInitializeOnLoadAttributes (221ms)
				ProcessInitializeOnLoadMethodAttributes (8ms)
				AfterProcessingInitializeOnLoad (5ms)
				EditorAssembliesLoaded (0ms)
			ExecutionOrderSort2 (0ms)
			AwakeInstancesAfterBackupRestoration (6ms)
Platform modules already initialized, skipping
Refreshing native plugins compatible for Editor in 0.65 ms, found 2 plugins.
Preloading 0 native plugins for Editor in 0.00 ms.
Unloading 2362 Unused Serialized files (Serialized files now loaded: 0)
System memory in use before: 122.5 MB.
System memory in use after: 122.7 MB.

Unloading 17 unused Assets to reduce memory usage. Loaded Objects now: 2867.
Total: 3.006200 ms (FindLiveObjects: 0.179600 ms CreateObjectMapping: 0.095300 ms MarkObjects: 2.660300 ms  DeleteObjects: 0.070200 ms)

AssetImportParameters requested are different than current active one (requested -> active):
  custom:framework-win-MediaFoundation: 216162199b28c13a410421893ffa2e32 -> 
  custom:video-decoder-ogg-theora: a1e56fd34408186e4bbccfd4996cb3dc -> 
  custom:container-muxer-webm: aa71ff27fc2769a1b78a27578f13a17b -> 
  custom:container-demuxer-webm: 4f35f7cbe854078d1ac9338744f61a02 -> 
  custom:container-demuxer-ogg: 62fdf1f143b41e24485cea50d1cbac27 -> 
  custom:video-encoder-webm-vp8: eb34c28f22e8b96e1ab97ce403110664 -> 
  custom:video-decoder-webm-vp8: 9c59270c3fd7afecdb556c50c9e8de78 -> 
  custom:audio-decoder-ogg-vorbis: bf7c407c2cedff20999df2af8eb42d56 -> 
  custom:audio-encoder-webm-vorbis: bf7c407c2cedff20999df2af8eb42d56 -> 
========================================================================
Received Import Request.
  Time since last request: 358.784084 seconds.
  path: Assets/Prefabs/James.prefab
  artifactKey: Guid(62974207976e1274298ad47c6a8f6b1e) Importer(815301076,1909f56bfc062723c751e8b465ee728b)
Start importing Assets/Prefabs/James.prefab using Guid(62974207976e1274298ad47c6a8f6b1e) Importer(815301076,1909f56bfc062723c751e8b465ee728b)  -> (artifact id: 'a932c9c5260fcdbee5bb0742cdcee086') in 0.184843 seconds 
  Import took 0.190913 seconds .

